make all --dry-run --always-make --keep-going --print-directory
make: Entering directory '/home/spencer/libdragon/NEW/libdragon/examples/LibN64-C++ LibDragon Wrapper/CustomLangParser'
mkdir -p build/
echo "    [CXX] CustomLangParser.cpp"
/usr/local/bin/mips64-elf-g++ -c -MMD -std=c++20      -march=vr4300 -mtune=vr4300 -I/usr/local/mips64-elf/include -falign-functions=32 -ffunction-sections -fdata-sections -DN64 -O2 -Wall -Wno-error=deprecated-declarations -fdiagnostics-color=always -Wno-narrowing  -o build/CustomLangParser.o CustomLangParser.cpp
mkdir -p build/
echo "    [CXX] LangParser.cpp"
/usr/local/bin/mips64-elf-g++ -c -MMD -std=c++20      -march=vr4300 -mtune=vr4300 -I/usr/local/mips64-elf/include -falign-functions=32 -ffunction-sections -fdata-sections -DN64 -O2 -Wall -Wno-error=deprecated-declarations -fdiagnostics-color=always -Wno-narrowing  -o build/LangParser.o LangParser.cpp
mkdir -p build/
echo "    [LD] build/CustomLangParser.elf"
/usr/local/bin/mips64-elf-g++ -o build/CustomLangParser.elf /usr/local/mips64-elf/lib/libdragon.a /usr/local/mips64-elf/lib/libdragonsys.a build/CustomLangParser.o build/LangParser.o -lc -Wl,-L/usr/local/mips64-elf/lib -Wl,/home/spencer/libdragon/NEW/libdragon/libN64.a -Wl,-ldragon -Wl,-lm -Wl,-ldragonsys -Wl,-Tn64.ld -Wl,--gc-sections -Wl,--wrap -Wl,__do_global_ctors -Wl,-Map=build/CustomLangParser.map
/usr/local/bin/mips64-elf-size -G build/CustomLangParser.elf
mkdir -p build/
echo "    [DFS] build/CustomLangParser.dfs"
/usr/local/bin/mkdfs build/CustomLangParser.dfs filesystem >/dev/null
echo "    [Z64] CustomLangParser.z64"
/usr/local/bin/mips64-elf-objcopy -O binary build/CustomLangParser.elf build/CustomLangParser.elf.bin
rm -f CustomLangParser.z64
DFS_FILE="build/CustomLangParser.dfs"; \
if [ -z "$DFS_FILE" ]; then \
	/usr/local/bin/n64tool --header /usr/local/mips64-elf/lib/header --title "CustomLangParser Test" --output CustomLangParser.z64 build/CustomLangParser.elf.bin; \
else \
	/usr/local/bin/n64tool --header /usr/local/mips64-elf/lib/header --title "CustomLangParser Test" --output CustomLangParser.z64 build/CustomLangParser.elf.bin --offset 1M "$DFS_FILE"; \
fi
if [ ! -z "" ]; then \
	/usr/local/bin/ed64romconfig     CustomLangParser.z64; \
fi
/usr/local/bin/chksum64 CustomLangParser.z64 >/dev/null
make: Leaving directory '/home/spencer/libdragon/NEW/libdragon/examples/LibN64-C++ LibDragon Wrapper/CustomLangParser'
 
